\BOOKMARK [0][-]{chapter.1}{Introduction}{}% 1
\BOOKMARK [1][-]{section.1.1}{Thesis and Problem Statement}{chapter.1}% 2
\BOOKMARK [1][-]{section.1.2}{The Transport Frame on One Page}{chapter.1}% 3
\BOOKMARK [1][-]{section.1.3}{Contributions and Research Questions}{chapter.1}% 4
\BOOKMARK [0][-]{chapter.2}{Methodological Background}{}% 5
\BOOKMARK [1][-]{section.2.1}{Transport Frame and Notation}{chapter.2}% 6
\BOOKMARK [1][-]{section.2.2}{Separable Triangular Maps and Transformation Random Forests as Transport}{chapter.2}% 7
\BOOKMARK [1][-]{section.2.3}{Copula Baselines}{chapter.2}% 8
\BOOKMARK [0][-]{chapter.3}{Data Analysis and Validation}{}% 9
\BOOKMARK [1][-]{section.3.1}{Datasets and Preprocessing}{chapter.3}% 10
\BOOKMARK [1][-]{section.3.2}{Models and Implementation}{chapter.3}% 11
\BOOKMARK [1][-]{section.3.3}{Evaluation Metrics and Protocol}{chapter.3}% 12
\BOOKMARK [1][-]{section.3.4}{Synthetic Results and Diagnostics}{chapter.3}% 13
\BOOKMARK [1][-]{section.3.5}{Real-Data Benchmarks and Compute}{chapter.3}% 14
\BOOKMARK [1][-]{section.3.6}{Reproducibility}{chapter.3}% 15
\BOOKMARK [0][-]{chapter.4}{Interpretation and Conclusion}{}% 16
\BOOKMARK [1][-]{section.4.1}{Interpretation of Results}{chapter.4}% 17
\BOOKMARK [1][-]{section.4.2}{Conclusions, Limitations, and Outlook}{chapter.4}% 18
\BOOKMARK [0][-]{appendix.A}{Appendix}{}% 19
\BOOKMARK [1][-]{section.A.1}{Unified Transport Schematic}{appendix.A}% 20
\BOOKMARK [1][-]{section.A.2}{Pseudo-code Summaries for Model Routines}{appendix.A}% 21
