2025-09-02 17:18:42 [SETUP] CWD=/Users/leonkiafaro/Documents/Masterthesis
2025-09-02 17:18:42 [SETUP] R=R version 4.4.2 (2024-10-31)
2025-09-02 17:18:42 [SETUP] Session:
R version 4.4.2 (2024-10-31)
Platform: aarch64-apple-darwin20
Running under: macOS Sequoia 15.6

Matrix products: default
BLAS:   /Library/Frameworks/R.framework/Versions/4.4-arm64/Resources/lib/libRblas.0.dylib 
LAPACK: /Library/Frameworks/R.framework/Versions/4.4-arm64/Resources/lib/libRlapack.dylib;  LAPACK version 3.12.0

locale:
[1] C/UTF-8/C/C/C/C

time zone: Europe/Zurich
tzcode source: internal

attached base packages:
[1] stats     graphics  grDevices utils     datasets  methods   base     

loaded via a namespace (and not attached):
[1] compiler_4.4.2
2025-09-02 17:18:42 [GIT] HEAD=375919114ccec9a5cd5955d258699d8b2dd784e0
[WIRE] sourced=/Users/leonkiafaro/Documents/Masterthesis/models/ttm/fit_ttm_crossterm.R
2025-09-02 17:18:43 [WIRE] fit_hash(crossterm)=54c2bcf540148af6d82dd372722f1d81, fit_hash(separable)=a8f66a74e4b519b629e736ac1e448ac1
[WIRE] fn_hash(crossterm)=54c2bcf540148af6d82dd372722f1d81 fn_hash(separable)=a8f66a74e4b519b629e736ac1e448ac1
2025-09-02 17:18:43 [ARGS] Enforced N=50, perm=4,3,1,2
2025-09-02 17:18:43 [RUN] Calling main() from main.R ...
[WARN] Skipping True (Joint) for this permutation: log-density not finite
[CTM][k=1] n_clipped_pos=0 n_clipped_neg=0 max|h|=1.79103 max|h_raw|=1.79103 max exp(h~)=5.99561
[CTM][k=2] n_clipped_pos=0 n_clipped_neg=9 max|h|=8 max|h_raw|=25.3566 max exp(h~)=1745.88
[CTM][k=3] n_clipped_pos=16 n_clipped_neg=0 max|h|=8 max|h_raw|=18.362 max exp(h~)=2980.96
[CTM][k=4] n_clipped_pos=0 n_clipped_neg=0 max|h|=6.5752 max|h_raw|=6.5752 max exp(h~)=717.089
2025-09-02 17:18:47 [WARN] main() returned error: Error in fit_ttm_crossterm(data, seed = seed, ...) : 
  Monotonicity-of-integral violated in 14 cases

2025-09-02 17:18:47 [DATA_GEN] Families per dim: norm, exp, beta, gamma
        mean        sd           min       max       skew       kurt
X1 0.1167639 1.1477511 -2.9535798010  2.286645 -0.2614843 -0.3917125
X2 1.9725523 4.5644936  0.0285869887 32.446762  5.9462896 36.7519038
X3 0.6085856 0.3450112  0.0023912213  1.000000 -0.4129085 -1.4666825
X4 2.2128897 2.8771315  0.0003750766 13.664059  2.3497082  5.3814853
2025-09-02 17:18:47 [SPLIT] n_tr=40, n_te=10, seed=42, hash_tr=ff9a3c45f00f66db5739d41dc2654a82, hash_te=89e7922016173627ca87c1178dd9b549
2025-09-02 17:18:47 [STANDARDIZE] mu=1.98234, 0.582363, 0.166856, 2.03839
2025-09-02 17:18:47 [STANDARDIZE] sigma=2.5722, 0.343571, 1.17924, 5.06325
2025-09-02 17:18:47 [STANDARDIZE] sum(-log sigma)=-1.663280, min_sigma=0.343571, any_zero=FALSE
2025-09-02 17:18:47 [TTM_SETUP] enabled_models=TRUE,TRTF,TTM-marginal,TTM-separable,TTM-cross
2025-09-02 17:18:47 [TTM_SETUP] cross-term hyperparams: deg_g=2, df_t=6, Q=16, lambda=1e-3, maxit=50, clip_H=20
2025-09-02 17:18:47 [FIT] TRUE (marginal)
2025-09-02 17:18:47 [FIT] TRUE (joint)
2025-09-02 17:18:47 [WARN] TRUE (joint) failed: log-density not finite
2025-09-02 17:18:47 [FIT] TRTF (random forest)
2025-09-02 17:18:49 [FIT] TTM Marginal
2025-09-02 17:18:49 [FIT] TTM Separable
2025-09-02 17:18:49 [FIT] TTM Cross-term
[CTM][k=1] n_clipped_pos=0 n_clipped_neg=0 max|h|=1.79103 max|h_raw|=1.79103 max exp(h~)=5.99561
[CTM][k=2] n_clipped_pos=0 n_clipped_neg=9 max|h|=8 max|h_raw|=25.3566 max exp(h~)=1745.88
[CTM][k=3] n_clipped_pos=16 n_clipped_neg=0 max|h|=8 max|h_raw|=18.362 max exp(h~)=2980.96
[CTM][k=4] n_clipped_pos=0 n_clipped_neg=0 max|h|=6.5752 max|h_raw|=6.5752 max exp(h~)=717.089
Fehler in fit_ttm_crossterm(data, seed = seed, ...) : 
  Monotonicity-of-integral violated in 14 cases
Ruft auf: main_wrapper -> fit_ttm -> fit_ttm_crossterm
Zusätzlich: Warnmeldungen:
1: In parallel::mclapply(seq_len(nrow(X)), function(i) { :
  alle verplanten Kerne berichten Fehler im Benutzerkode
2: In parallel::mclapply(seq_len(nrow(X)), function(i) { :
  alle verplanten Kerne berichten Fehler im Benutzerkode
